<?xml version="1.0" encoding="UTF-8"?>
<!-- Generated by org.testng.reporters.JUnitXMLReporter -->
<testsuite hostname="DESKTOP-KTDCJLP" name="Test_chrome" tests="3" failures="1" timestamp="31 Jul 2019 11:59:24 GMT" time="184.854" errors="0">
  <testcase name="testValidLogin" time="0.001" classname="Scripts.Validlogin$testValidlogin">
    <failure type="java.lang.Error" message="Unresolved compilation problems: 
	Workbook cannot be resolved to a type
	WorkbookFactory cannot be resolved
	Cell cannot be resolved to a type
">
      <![CDATA[java.lang.Error: Unresolved compilation problems: 
	Workbook cannot be resolved to a type
	WorkbookFactory cannot be resolved
	Cell cannot be resolved to a type

	at generics.Excel1.getcellvalue(Excel1.java:17)
	at Scripts.Validlogin$testValidlogin.testValidLogin(Validlogin.java:15)
	at java.util.concurrent.FutureTask.run(Unknown Source)
	at java.util.concurrent.ThreadPoolExecutor.runWorker(Unknown Source)
	at java.util.concurrent.ThreadPoolExecutor$Worker.run(Unknown Source)
	at java.lang.Thread.run(Unknown Source)
... Removed 16 stack frames]]>
    </failure>
  </testcase> <!-- testValidLogin -->
  <testcase name="testLuxire2" time="2.895" classname="Scripts.Luxire2main"/>
  <testcase name="testValidLogin" time="73.884" classname="Scripts.Luxire1main"/>
</testsuite> <!-- Test_chrome -->
